<?xml version="1.0" encoding="UTF-8"?>
<!-- Generated by org.testng.reporters.JUnitReportReporter -->
<testsuite hostname="ubuntu-admin" failures="0" tests="2" name="site.ycsb.workloads.TestCoreWorkload" time="0.006" errors="0" timestamp="10 Dec 2024 02:12:38 GMT">
  <testcase classname="site.ycsb.workloads.TestCoreWorkload" name="createOperationChooserNullProperties" time="0.000"/>
  <testcase classname="site.ycsb.workloads.TestCoreWorkload" name="createOperationChooser" time="0.006"/>
</testsuite>
