<?xml version="1.0" encoding="UTF-8"?>
<!-- Generated by org.testng.reporters.JUnitReportReporter -->
<testsuite hostname="ubuntu-admin" failures="0" tests="1" name="site.ycsb.TestStatus" time="0.005" errors="0" timestamp="10 Dec 2024 02:12:38 GMT">
  <testcase classname="site.ycsb.TestStatus" name="testAcceptableStatus" time="0.005"/>
</testsuite>
