<?xml version="1.0" encoding="UTF-8"?>
<!-- Generated by org.testng.reporters.JUnitReportReporter -->
<testsuite hostname="ubuntu-admin" failures="0" tests="6" name="site.ycsb.TestUtils" time="0.083" errors="0" timestamp="10 Dec 2024 02:12:38 GMT">
  <testcase classname="site.ycsb.TestUtils" name="bytesToFromDouble" time="0.001"/>
  <testcase classname="site.ycsb.TestUtils" name="bytesToFromLong" time="0.001"/>
  <testcase classname="site.ycsb.TestUtils" name="bytesToLongTooShort" time="0.000"/>
  <testcase classname="site.ycsb.TestUtils" name="bytesToLongNull" time="0.000"/>
  <testcase classname="site.ycsb.TestUtils" name="jvmUtils" time="0.081"/>
  <testcase classname="site.ycsb.TestUtils" name="bytesToDoubleTooShort" time="0.000"/>
</testsuite>
