<?xml version="1.0" encoding="UTF-8"?>
<!-- Generated by org.testng.reporters.JUnitReportReporter -->
<testsuite hostname="ubuntu-admin" failures="0" tests="2" name="site.ycsb.TestNumericByteIterator" time="0.002" errors="0" timestamp="10 Dec 2024 02:12:38 GMT">
  <testcase classname="site.ycsb.TestNumericByteIterator" name="testDouble" time="0.002"/>
  <testcase classname="site.ycsb.TestNumericByteIterator" name="testLong" time="0.000"/>
</testsuite>
