<?xml version="1.0" encoding="UTF-8"?>
<!-- Generated by org.testng.reporters.JUnitReportReporter -->
<testsuite hostname="ubuntu-admin" failures="0" tests="6" name="site.ycsb.generator.TestIncrementingPrintableStringGenerator" time="0.001" errors="0" timestamp="10 Dec 2024 02:12:38 GMT">
  <testcase classname="site.ycsb.generator.TestIncrementingPrintableStringGenerator" name="rolloverException" time="0.000"/>
  <testcase classname="site.ycsb.generator.TestIncrementingPrintableStringGenerator" name="rolloverOK" time="0.000"/>
  <testcase classname="site.ycsb.generator.TestIncrementingPrintableStringGenerator" name="rolloverOneCharacterOK" time="0.000"/>
  <testcase classname="site.ycsb.generator.TestIncrementingPrintableStringGenerator" name="invalidLengths" time="0.000"/>
  <testcase classname="site.ycsb.generator.TestIncrementingPrintableStringGenerator" name="rolloverOneCharacterException" time="0.000"/>
  <testcase classname="site.ycsb.generator.TestIncrementingPrintableStringGenerator" name="invalidCharacterSets" time="0.001"/>
</testsuite>
