<?xml version="1.0" encoding="UTF-8"?>
<!-- Generated by org.testng.reporters.JUnitReportReporter -->
<testsuite hostname="ubuntu-admin" failures="0" tests="3" name="site.ycsb.generator.TestRandomDiscreteTimestampGenerator" time="0.039" errors="0" timestamp="10 Dec 2024 02:12:38 GMT">
  <testcase classname="site.ycsb.generator.TestRandomDiscreteTimestampGenerator" name="systemTime" time="0.001"/>
  <testcase classname="site.ycsb.generator.TestRandomDiscreteTimestampGenerator" name="tooLarge" time="0.037"/>
  <testcase classname="site.ycsb.generator.TestRandomDiscreteTimestampGenerator" name="withStartTime" time="0.001"/>
</testsuite>
