<?xml version="1.0" encoding="UTF-8"?>
<!-- Generated by org.testng.reporters.JUnitReportReporter -->
<testsuite hostname="ubuntu-admin" failures="0" tests="1" name="site.ycsb.measurements.exporter.TestMeasurementsExporter" time="0.229" errors="0" timestamp="10 Dec 2024 02:12:38 GMT">
  <testcase classname="site.ycsb.measurements.exporter.TestMeasurementsExporter" name="testJSONArrayMeasurementsExporter" time="0.229"/>
</testsuite>
